Построение начато 04.03.2014 19:03:40.
     1>Проект "e:\documents and settings\Новиковы\мои документы\visual studio 2010\Projects\example_project\example_project\example_project.vcxproj" в узле 2 (целевые объекты build).
     1>InitializeBuildStatus:
         Обращение к "Debug\example_project.unsuccessfulbuild".
       ClCompile:
         Для всех выходных данных обновления не требуется.
         E:\Program Files\Microsoft Visual Studio 10.0\VC\bin\CL.exe /c /ZI /nologo /W3 /WX- /Od /Oy- /D WIN32 /D _WINDOWS /D _DEBUG /D _UNICODE /D UNICODE /D _AFXDLL /Gm /EHsc /RTC1 /MDd /GS /fp:precise /Zc:wchar_t /Zc:forScope /Yu"StdAfx.h" /Fp"Debug\example_project.pch" /Fo"Debug\\" /Fd"Debug\vc100.pdb" /Gd /TP /analyze- /errorReport:prompt example_projectView.cpp
         example_projectView.cpp
       ResourceCompile:
         E:\Program Files\Microsoft SDKs\Windows\v7.0A\bin\rc.exe /D _DEBUG /D _UNICODE /D UNICODE /D _AFXDLL /l"0x0419" /IDebug\ /nologo /fo"Debug\example_project.res" example_project.rc 
       ManifestResourceCompile:
         E:\Program Files\Microsoft SDKs\Windows\v7.0A\bin\rc.exe /nologo /fo"Debug\example_project.exe.embed.manifest.res" Debug\example_project_manifest.rc 
       Link:
         E:\Program Files\Microsoft Visual Studio 10.0\VC\bin\link.exe /ERRORREPORT:PROMPT /OUT:"e:\documents and settings\новиковы\мои документы\visual studio 2010\Projects\example_project\Debug\example_project.exe" /INCREMENTAL /NOLOGO /MANIFEST /ManifestFile:"Debug\example_project.exe.intermediate.manifest" /MANIFESTUAC:"level='asInvoker' uiAccess='false'" /DEBUG /PDB:"e:\documents and settings\новиковы\мои документы\visual studio 2010\Projects\example_project\Debug\example_project.pdb" /SUBSYSTEM:WINDOWS /TLBID:1 /ENTRY:"wWinMainCRTStartup" /DYNAMICBASE /NXCOMPAT /IMPLIB:"e:\documents and settings\новиковы\мои документы\visual studio 2010\Projects\example_project\Debug\example_project.lib" /MACHINE:X86 Debug\example_project.res
         Debug\example_project.exe.embed.manifest.res
         Debug\ClassView.obj
         Debug\example_project.obj
         Debug\example_projectDoc.obj
         Debug\example_projectView.obj
         Debug\FileView.obj
         Debug\MainFrm.obj
         Debug\OutputWnd.obj
         Debug\PropertiesWnd.obj
         Debug\stdafx.obj
         Debug\ViewTree.obj
       Manifest:
         E:\Program Files\Microsoft SDKs\Windows\v7.0A\bin\mt.exe /nologo /verbose /out:"Debug\example_project.exe.embed.manifest" /manifest Debug\example_project.exe.intermediate.manifest "E:\Program Files\Microsoft Visual Studio 10.0\VC\Include\Manifest\dpiaware.manifest"
         E:\Program Files\Microsoft SDKs\Windows\v7.0A\bin\rc.exe /nologo /fo"Debug\example_project.exe.embed.manifest.res" Debug\example_project_manifest.rc 
       LinkEmbedManifest:
         E:\Program Files\Microsoft Visual Studio 10.0\VC\bin\link.exe /ERRORREPORT:PROMPT /OUT:"e:\documents and settings\новиковы\мои документы\visual studio 2010\Projects\example_project\Debug\example_project.exe" /INCREMENTAL /NOLOGO /MANIFEST /ManifestFile:"Debug\example_project.exe.intermediate.manifest" /MANIFESTUAC:"level='asInvoker' uiAccess='false'" /DEBUG /PDB:"e:\documents and settings\новиковы\мои документы\visual studio 2010\Projects\example_project\Debug\example_project.pdb" /SUBSYSTEM:WINDOWS /TLBID:1 /ENTRY:"wWinMainCRTStartup" /DYNAMICBASE /NXCOMPAT /IMPLIB:"e:\documents and settings\новиковы\мои документы\visual studio 2010\Projects\example_project\Debug\example_project.lib" /MACHINE:X86 Debug\example_project.res
         Debug\example_project.exe.embed.manifest.res
         Debug\ClassView.obj
         Debug\example_project.obj
         Debug\example_projectDoc.obj
         Debug\example_projectView.obj
         Debug\FileView.obj
         Debug\MainFrm.obj
         Debug\OutputWnd.obj
         Debug\PropertiesWnd.obj
         Debug\stdafx.obj
         Debug\ViewTree.obj
         example_project.vcxproj -> e:\documents and settings\новиковы\мои документы\visual studio 2010\Projects\example_project\Debug\example_project.exe
       FinalizeBuildStatus:
         Файл "Debug\example_project.unsuccessfulbuild" удаляется.
         Обращение к "Debug\example_project.lastbuildstate".
     1>Построение проекта "e:\documents and settings\Новиковы\мои документы\visual studio 2010\Projects\example_project\example_project\example_project.vcxproj" завершено (целевые объекты build).

Построение успешно завершено.

Затраченное время: 00:00:03.01
